<?xml version="1.0" encoding="utf-8"?>
<?AutomationStudio Version=3.0?>
<Transfer xmlns="http://br-automation.co.at/AS/Transfer">
  <OperatingSystem Version="J4.25"/>
  <Hardware Target="SG4"/>
  <Operation Delete="Server.br"/>
  <Operation Delete="EFeeder.br"/>
  <Operation Delete="SysCheck.br"/>
  <Operation Delete="EMotionCon.br"/>
  <Operation Delete="astcp.br"/>
  <Operation Delete="asieccon.br"/>
  <Operation Delete="astime.br"/>
  <Operation Download="ashwd.br" Memory="SystemROM"/>
  <Operation Download="asfw.br" Memory="SystemROM"/>
  <Operation Download="arconfig.br" Memory="SystemROM"/>
  <Operation Download="sysconf.br" Memory="SystemROM"/>
  <Operation Restart="warm"/>
  <Operation Download="TCData.br" Memory="SystemROM"/>
  <Operation Download="iomap.br" Memory="UserROM"/>
  <Operation Download="User.br" Memory="UserROM"/>
  <Operation Download="Role.br" Memory="UserROM"/>
  <Operation Download="standard.br" Memory="UserROM"/>
  <Operation Download="runtime.br" Memory="UserROM"/>
  <Operation Download="asstring.br" Memory="UserROM"/>
  <Operation Download="astime.br" Memory="UserROM"/>
  <Operation Download="asieccon.br" Memory="UserROM"/>
  <Operation Download="astcp.br" Memory="UserROM"/>
  <Operation Download="EMotionCon.br" Memory="UserROM"/>
  <Operation Download="SysCheck.br" Memory="UserROM"/>
  <Operation Download="EFeeder.br" Memory="UserROM"/>
  <Operation Download="Server.br" Memory="UserROM"/>
</Transfer>